ISim log file
Running: /home/jessb/Projects/hdl/oaksdram/syn/oaksdram/system_tb_isim_beh.exe -gui -tclbatch isim.cmd -wdb /home/jessb/Projects/hdl/oaksdram/syn/oaksdram/system_tb_isim_beh.wdb 
ISim M.53d (signature 0x2f7eec00)
WARNING: A WEBPACK license was found.
WARNING: Please use Xilinx License Configuration Manager to check out a full ISim license.
WARNING: ISim will run in Lite mode. Please refer to the ISim documentation for more information on the differences between the Lite and the Full version.
This is a Lite version of ISim.
Time resolution is 1 ps
# onerror resume
# wave add /
# run 1000 ns
Simulator is doing circuit initialization process.
Finished circuit initialization process.
sdram: RESET
sdram: INIT
# restart
# run all
Simulator is doing circuit initialization process.
Finished circuit initialization process.
sdram: RESET
sdram: INIT
sdram: CKE_HIGH
sdram: PRECHARGE
at time  220490.0 ns PRE  : Bank = ALL
sdram: AUTO_RFRSH1
at time  220520.0 ns AREF : Auto Refresh
sdram: AUTO_RFRSH2
at time  220600.0 ns AREF : Auto Refresh
sdram: LMR
at time  220680.0 ns LMR  : Load Mode Register
                            CAS Latency      = 2
                            Burst Length     = 2
                            Burst Type       = Sequential
                            Write Burst Mode = Programmed Burst Length
Writing 0000AAAA to 0.
Done writing, pause.
sdram: WRITE
user wrote 0000aaaa to address 00000000
sdram: WRITE
user wrote 0000aaaa to address 00000000
sdram: WRITE
sdram_write: ACTIVE
at time  600230.0 ns ACT  : Bank = 0 Row =    0
sdram_write: WRITE_CMD
at time  600250.0 ns WRITE: Bank = 0 Row =    0, Col =   0, Data =     0, Dqm = 00
The simulator has terminated in an unexpected manner.  Please review the ISim log (isim.log) for details.
# exit 0
